<?xml version="1.0" encoding="UTF-8"?>
<testsuite xmlns:xsi="http://www.w3.org/2001/XMLSchema-instance" xsi:noNamespaceSchemaLocation="https://maven.apache.org/surefire/maven-surefire-plugin/xsd/surefire-test-report-3.0.xsd" version="3.0" name="com.cognizant.mockito.MyServiceTest" time="1.587" tests="7" errors="0" skipped="0" failures="0">
  <properties>
[...]
</properties>
  <testcase name="testHandlingVoidMethodsWithExceptions" classname="com.cognizant.mockito.MyServiceTest" time="0.359">
    <system-out><![CDATA[[TEST] Exercise 7: Handling Void Methods with Exceptions
]]></system-out>
    <system-err><![CDATA[WARNING: A Java agent has been loaded dynamically (C:\Users\user\.m2\repository\net\bytebuddy\byte-buddy-agent\1.14.15\byte-buddy-agent-1.14.15.jar)
WARNING: If a serviceability tool is in use, please run with -XX:+EnableDynamicAgentLoading to hide this warning
WARNING: If a serviceability tool is not in use, please run with -Djdk.instrument.traceUsage for more information
WARNING: Dynamic loading of agents will be disallowed by default in a future release
Exception handled in service: Invalid User ID
]]></system-err>
  </testcase>
  <testcase name="testVerifyingInteractionOrder" classname="com.cognizant.mockito.MyServiceTest" time="0.011">
    <system-out><![CDATA[[TEST] Exercise 6: Verifying Interaction Order
]]></system-out>
  </testcase>
  <testcase name="testMockingAndStubbingWithMultipleReturns" classname="com.cognizant.mockito.MyServiceTest" time="0.006">
    <system-out><![CDATA[[TEST] Exercise 5: Mocking and Stubbing with Multiple Returns
]]></system-out>
  </testcase>
  <testcase name="testArgumentMatching" classname="com.cognizant.mockito.MyServiceTest" time="0.005">
    <system-out><![CDATA[[TEST] Exercise 3: Argument Matching
]]></system-out>
  </testcase>
  <testcase name="testVerifyingInteractions" classname="com.cognizant.mockito.MyServiceTest" time="0.002">
    <system-out><![CDATA[[TEST] Exercise 2: Verifying Interactions
]]></system-out>
  </testcase>
  <testcase name="testMockingAndStubbing" classname="com.cognizant.mockito.MyServiceTest" time="0.002">
    <system-out><![CDATA[[TEST] Exercise 1: Mocking and Stubbing
]]></system-out>
  </testcase>
  <testcase name="testHandlingVoidMethods" classname="com.cognizant.mockito.MyServiceTest" time="0.003">
    <system-out><![CDATA[[TEST] Exercise 4: Handling Void Methods
]]></system-out>
  </testcase>
</testsuite>